{"/home/ofl/braze/components/HeaderBar.vue": {"path":"/home/ofl/braze/components/HeaderBar.vue","statementMap":{"0":{"start":{"line":14,"column":0},"end":{"line":14,"column":null}}},"fnMap":{"0":{"name":"(anonymous_1)","decl":{"start":{"line":13,"column":0},"end":{"line":13,"column":null}},"loc":{"start":{"line":13,"column":0},"end":{"line":17,"column":null}}}},"branchMap":{},"s":{"0":1},"f":{"0":1},"b":{}}
,"/home/ofl/braze/components/SideBar.vue": {"path":"/home/ofl/braze/components/SideBar.vue","statementMap":{"0":{"start":{"line":44,"column":0},"end":{"line":44,"column":null}}},"fnMap":{"0":{"name":"(anonymous_1)","decl":{"start":{"line":43,"column":0},"end":{"line":43,"column":null}},"loc":{"start":{"line":43,"column":0},"end":{"line":47,"column":null}}}},"branchMap":{},"s":{"0":1},"f":{"0":1},"b":{}}
,"/home/ofl/braze/pages/index.vue": {"path":"/home/ofl/braze/pages/index.vue","statementMap":{"0":{"start":{"line":42,"column":0},"end":{"line":42,"column":null}},"1":{"start":{"line":54,"column":0},"end":{"line":54,"column":null}},"2":{"start":{"line":57,"column":0},"end":{"line":57,"column":null}},"3":{"start":{"line":60,"column":0},"end":{"line":60,"column":null}},"4":{"start":{"line":61,"column":0},"end":{"line":64,"column":null}},"5":{"start":{"line":62,"column":0},"end":{"line":62,"column":null}},"6":{"start":{"line":63,"column":0},"end":{"line":63,"column":null}},"7":{"start":{"line":67,"column":0},"end":{"line":67,"column":null}},"8":{"start":{"line":68,"column":0},"end":{"line":68,"column":null}},"9":{"start":{"line":71,"column":0},"end":{"line":71,"column":null}},"10":{"start":{"line":72,"column":0},"end":{"line":72,"column":null}},"11":{"start":{"line":73,"column":0},"end":{"line":73,"column":null}},"12":{"start":{"line":74,"column":0},"end":{"line":74,"column":null}},"13":{"start":{"line":75,"column":0},"end":{"line":75,"column":null}},"14":{"start":{"line":78,"column":0},"end":{"line":78,"column":null}},"15":{"start":{"line":79,"column":0},"end":{"line":79,"column":null}}},"fnMap":{"0":{"name":"(anonymous_1)","decl":{"start":{"line":41,"column":0},"end":{"line":41,"column":null}},"loc":{"start":{"line":41,"column":0},"end":{"line":46,"column":null}}},"1":{"name":"(anonymous_2)","decl":{"start":{"line":53,"column":0},"end":{"line":53,"column":null}},"loc":{"start":{"line":53,"column":0},"end":{"line":55,"column":null}}},"2":{"name":"(anonymous_3)","decl":{"start":{"line":56,"column":0},"end":{"line":56,"column":null}},"loc":{"start":{"line":56,"column":0},"end":{"line":58,"column":null}}},"3":{"name":"(anonymous_4)","decl":{"start":{"line":59,"column":0},"end":{"line":59,"column":null}},"loc":{"start":{"line":59,"column":0},"end":{"line":65,"column":null}}},"4":{"name":"(anonymous_5)","decl":{"start":{"line":66,"column":0},"end":{"line":66,"column":null}},"loc":{"start":{"line":66,"column":0},"end":{"line":69,"column":null}}},"5":{"name":"(anonymous_6)","decl":{"start":{"line":70,"column":0},"end":{"line":70,"column":null}},"loc":{"start":{"line":70,"column":0},"end":{"line":76,"column":null}}},"6":{"name":"(anonymous_7)","decl":{"start":{"line":77,"column":0},"end":{"line":77,"column":null}},"loc":{"start":{"line":77,"column":0},"end":{"line":80,"column":null}}}},"branchMap":{"0":{"loc":{"start":{"line":61,"column":0},"end":{"line":64,"column":null}},"type":"if","locations":[{"start":{"line":61,"column":0},"end":{"line":64,"column":null}},{"start":{"line":61,"column":0},"end":{"line":64,"column":null}}]},"1":{"loc":{"start":{"line":79,"column":0},"end":{"line":79,"column":null}},"type":"cond-expr","locations":[{"start":{"line":79,"column":0},"end":{"line":79,"column":null}},{"start":{"line":79,"column":0},"end":{"line":79,"column":null}}]}},"s":{"0":0,"1":0,"2":0,"3":0,"4":0,"5":0,"6":0,"7":0,"8":0,"9":0,"10":0,"11":0,"12":0,"13":0,"14":0,"15":0},"f":{"0":0,"1":0,"2":0,"3":0,"4":0,"5":0,"6":0},"b":{"0":[0,0],"1":[0,0]}}
}
